571  [main] INFO  r.e.prac14.Prac20Application
                – Starting Prac20Application using Java 20 with PID 16800 (D:\Моя Java\prac20\emelyanov\target\classes started by ILYA Main in D:\Моя Java\prac20\emelyanov)
579  [main] INFO  r.e.prac14.Prac20Application
                – No active profile set, falling back to 1 default profile: "default"
1060 [main] INFO  o.s.d.r.c.RepositoryConfigurationDelegate
                – Bootstrapping Spring Data JPA repositories in DEFAULT mode.
1106 [main] INFO  o.s.d.r.c.RepositoryConfigurationDelegate
                – Finished Spring Data repository scanning in 39 ms. Found 2 JPA repository interfaces.
1300 [main] INFO  o.s.c.s.PostProcessorRegistrationDelegate$BeanPostProcessorChecker
                – Bean 'profilingConfiguration' of type [ru.emelyanov.prac14.config.ProfilingConfiguration$$SpringCGLIB$$0] is not eligible for getting processed by all BeanPostProcessors (for example: not eligible for auto-proxying)
1306 [main] INFO  o.s.c.s.PostProcessorRegistrationDelegate$BeanPostProcessorChecker
                – Bean 'performanceMonitorInterceptor' of type [org.springframework.aop.interceptor.PerformanceMonitorInterceptor] is not eligible for getting processed by all BeanPostProcessors (for example: not eligible for auto-proxying)
1307 [main] INFO  o.s.c.s.PostProcessorRegistrationDelegate$BeanPostProcessorChecker
                – Bean 'performanceMonitorAdvisor' of type [org.springframework.aop.support.DefaultPointcutAdvisor] is not eligible for getting processed by all BeanPostProcessors (for example: not eligible for auto-proxying)
1630 [main] INFO  o.s.b.w.e.tomcat.TomcatWebServer
                – Tomcat initialized with port(s): 8080 (http)
1645 [main] INFO  o.a.coyote.http11.Http11NioProtocol
                – Initializing ProtocolHandler ["http-nio-8080"]
1646 [main] INFO  o.a.catalina.core.StandardService
                – Starting service [Tomcat]
1646 [main] INFO  o.a.catalina.core.StandardEngine
                – Starting Servlet engine: [Apache Tomcat/10.1.7]
1714 [main] INFO  o.a.c.c.C.[Tomcat].[localhost].[/]
                – Initializing Spring embedded WebApplicationContext
1714 [main] INFO  o.s.b.w.s.c.ServletWebServerApplicationContext
                – Root WebApplicationContext: initialization completed in 1093 ms
1816 [main] INFO  com.zaxxer.hikari.HikariDataSource
                – HikariPool-1 - Starting...
1950 [main] INFO  com.zaxxer.hikari.pool.HikariPool
                – HikariPool-1 - Added connection org.postgresql.jdbc.PgConnection@7971c2a9
1952 [main] INFO  com.zaxxer.hikari.HikariDataSource
                – HikariPool-1 - Start completed.
1994 [main] INFO  o.h.jpa.internal.util.LogHelper
                – HHH000204: Processing PersistenceUnitInfo [name: default]
2030 [main] INFO  org.hibernate.Version
                – HHH000412: Hibernate ORM core version 6.1.7.Final
2263 [main] INFO  SQL dialect
                – HHH000400: Using dialect: org.hibernate.dialect.PostgreSQLDialect
2892 [main] INFO  o.h.e.t.j.p.i.JtaPlatformInitiator
                – HHH000490: Using JtaPlatform implementation: [org.hibernate.engine.transaction.jta.platform.internal.NoJtaPlatform]
2901 [main] INFO  o.s.o.j.LocalContainerEntityManagerFactoryBean
                – Initialized JPA EntityManagerFactory for persistence unit 'default'
3190 [main] WARN  o.s.b.a.o.j.JpaBaseConfiguration$JpaWebConfiguration
                – spring.jpa.open-in-view is enabled by default. Therefore, database queries may be performed during view rendering. Explicitly configure spring.jpa.open-in-view to disable this warning
3521 [main] INFO  o.a.coyote.http11.Http11NioProtocol
                – Starting ProtocolHandler ["http-nio-8080"]
3539 [main] INFO  o.s.b.w.e.tomcat.TomcatWebServer
                – Tomcat started on port(s): 8080 (http) with context path ''
3546 [main] INFO  r.e.prac14.Prac20Application
                – Started Prac20Application in 3.272 seconds (process running for 3.946)
159030 [SpringApplicationShutdownHook] INFO  o.s.o.j.LocalContainerEntityManagerFactoryBean
                – Closing JPA EntityManagerFactory for persistence unit 'default'
159031 [SpringApplicationShutdownHook] INFO  com.zaxxer.hikari.HikariDataSource
                – HikariPool-1 - Shutdown initiated...
159034 [SpringApplicationShutdownHook] INFO  com.zaxxer.hikari.HikariDataSource
                – HikariPool-1 - Shutdown completed.
